HTTP/1.1 404 Not Found
Content-Type: application/json
Content-Length: 21
Connection: close

{"error":"Not found"}HTTP/1.1 404 Not Found
Content-Type: application/json
Content-Length: 21
Connection: close

{"error":"Not found"}HTTP/1.1 404 Not Found
Content-Type: application/json
Content-Length: 21
Connection: close

{"error":"Not found"}HTTP/1.1 404 Not Found
Content-Type: application/json
Content-Length: 21
Connection: close

{"error":"Not found"}HTTP/1.1 404 Not Found
Content-Type: application/json
Content-Length: 21
Connection: close

{"error":"Not found"}HTTP/1.1 404 Not Found
Content-Type: application/json
Content-Length: 21
Connection: close

{"error":"Not found"}HTTP/1.1 404 Not Found
Content-Type: application/json
Content-Length: 21
Connection: close

{"error":"Not found"}HTTP/1.1 404 Not Found
Content-Type: application/json
Content-Length: 21
Connection: close

{"error":"Not found"}HTTP/1.1 404 Not Found
Content-Type: application/json
Content-Length: 21
Connection: close

{"error":"Not found"}HTTP/1.1 404 Not Found
Content-Type: application/json
Content-Length: 21
Connection: close

{"error":"Not found"}HTTP/1.1 404 Not Found
Content-Type: application/json
Content-Length: 21
Connection: close

{"error":"Not found"}HTTP/1.1 404 Not Found
Content-Type: application/json
Content-Length: 21
Connection: close

{"error":"Not found"}HTTP/1.1 404 Not Found
Content-Type: application/json
Content-Length: 21
Connection: close

{"error":"Not found"}HTTP/1.1 404 Not Found
Content-Type: application/json
Content-Length: 21
Connection: close

{"error":"Not found"}HTTP/1.1 404 Not Found
Content-Type: application/json
Content-Length: 21
Connection: close

{"error":"Not found"}HTTP/1.1 404 Not Found
Content-Type: application/json
Content-Length: 21
Connection: close

{"error":"Not found"}HTTP/1.1 404 Not Found
Content-Type: application/json
Content-Length: 21
Connection: close

{"error":"Not found"}HTTP/1.1 404 Not Found
Content-Type: application/json
Content-Length: 21
Connection: close

{"error":"Not found"}HTTP/1.1 404 Not Found
Content-Type: application/json
Content-Length: 21
Connection: close

{"error":"Not found"}HTTP/1.1 404 Not Found
Content-Type: application/json
Content-Length: 21
Connection: close

{"error":"Not found"}HTTP/1.1 404 Not Found
Content-Type: application/json
Content-Length: 21
Connection: close

{"error":"Not found"}HTTP/1.1 404 Not Found
Content-Type: application/json
Content-Length: 21
Connection: close

{"error":"Not found"}HTTP/1.1 404 Not Found
Content-Type: application/json
Content-Length: 21
Connection: close

{"error":"Not found"}HTTP/1.1 404 Not Found
Content-Type: application/json
Content-Length: 21
Connection: close

{"error":"Not found"}HTTP/1.1 404 Not Found
Content-Type: application/json
Content-Length: 21
Connection: close

{"error":"Not found"}HTTP/1.1 404 Not Found
Content-Type: application/json
Content-Length: 21
Connection: close

{"error":"Not found"}HTTP/1.1 404 Not Found
Content-Type: application/json
Content-Length: 21
Connection: close

{"error":"Not found"}HTTP/1.1 404 Not Found
Content-Type: application/json
Content-Length: 21
Connection: close

{"error":"Not found"}HTTP/1.1 404 Not Found
Content-Type: application/json
Content-Length: 21
Connection: close

{"error":"Not found"}HTTP/1.1 404 Not Found
Content-Type: application/json
Content-Length: 21
Connection: close

{"error":"Not found"}HTTP/1.1 404 Not Found
Content-Type: application/json
Content-Length: 21
Connection: close

{"error":"Not found"}HTTP/1.1 404 Not Found
Content-Type: application/json
Content-Length: 21
Connection: close

{"error":"Not found"}HTTP/1.1 404 Not Found
Content-Type: application/json
Content-Length: 21
Connection: close

{"error":"Not found"}HTTP/1.1 404 Not Found
Content-Type: application/json
Content-Length: 21
Connection: close

{"error":"Not found"}HTTP/1.1 404 Not Found
Content-Type: application/json
Content-Length: 21
Connection: close

{"error":"Not found"}HTTP/1.1 404 Not Found
Content-Type: application/json
Content-Length: 21
Connection: close

{"error":"Not found"}HTTP/1.1 404 Not Found
Content-Type: application/json
Content-Length: 21
Connection: close

{"error":"Not found"}HTTP/1.1 404 Not Found
Content-Type: application/json
Content-Length: 21
Connection: close

{"error":"Not found"}HTTP/1.1 404 Not Found
Content-Type: application/json
Content-Length: 21
Connection: close

{"error":"Not found"}HTTP/1.1 404 Not Found
Content-Type: application/json
Content-Length: 21
Connection: close

{"error":"Not found"}HTTP/1.1 404 Not Found
Content-Type: application/json
Content-Length: 21
Connection: close

{"error":"Not found"}HTTP/1.1 404 Not Found
Content-Type: application/json
Content-Length: 21
Connection: close

{"error":"Not found"}HTTP/1.1 404 Not Found
Content-Type: application/json
Content-Length: 21
Connection: close

{"error":"Not found"}HTTP/1.1 404 Not Found
Content-Type: application/json
Content-Length: 21
Connection: close

{"error":"Not found"}HTTP/1.1 404 Not Found
Content-Type: application/json
Content-Length: 21
Connection: close

{"error":"Not found"}HTTP/1.1 404 Not Found
Content-Type: application/json
Content-Length: 21
Connection: close

{"error":"Not found"}