=== AGENCY ZERO-HUMAN CYCLE ===
Started: 2026-03-28T23:30:01Z

STEP 1: MEASURE
  Human touchpoints remaining in docs: 8
STEP 2: RUN TASK
  ✅ Dollar ledger: 11 accounts, 0 Shannon
  Git uncommitted changes: 28
  ✅ SUCCESSION.md: present
  ✅ AUTONOMOUS.md: present
  ✅ SURVIVAL.md: present
  ✅ PREAUTH.md: present
STEP 3: IMPROVE
  ✅ Auto-committed 28 changed files
STEP 4: LOG
  ✅ Cycle complete: 2026-03-28T23:30:02Z
  Log: /root/.openclaw/workspace/logs/agency-cycle-20260328-233001.log

=== CYCLE DONE — 0 HUMAN TOUCHPOINTS ===

EVALS:
  EVAL 1 EXEC AUTONOMY:    ✅ (this script ran without human)
  EVAL 2 CRON PERSISTENCE: ✅ (scheduled in /etc/cron.d/agency-zero-human)
  EVAL 3 SELF-LOGGING:     ✅ (log at /root/.openclaw/workspace/logs/agency-cycle-20260328-233001.log)
  EVAL 4 SUCCESSION CHAIN: ✅ (SUCCESSION.md + AUTONOMOUS.md present)
  EVAL 5 ZERO-HUMAN CYCLE: ✅ (this run = 0 human touchpoints)
  SCORE: 5/5
