
=== 2026-03-20T09:00:02.104843+00:00 ===
📊 *Daily Agency Report* (2026‑03‑d 09:00 UTC)

*Infrastructure*
• Services: 6/6 operational
• Raw failures tracked: 72
• Pivots executed: 12
• Shannon from pivots: 375

*Economy*
• Agents: 16
• Total Shannon minted: 4925
• Top agents:
  1. daimyo: 1001 Shannon
  2. official: 1001 Shannon
  3. mutation-detection-specialist: 971 Shannon

*Security*
• HTTPS: ❌
• Mutation detector: operational

*Next Actions*
• High raw failures (72) – copier agent active
• HTTPS missing – consider Let's Encrypt


=== 2026-03-20T12:42:04.228970+00:00 ===
📊 *Daily Agency Report* (2026‑03‑d 12:42 UTC)

*Infrastructure*
• Services: 6/6 operational
• Raw failures tracked: 73
• Pivots executed: 12
• Shannon from pivots: 375

*Economy*
• Agents: 16
• Total Shannon minted: 4935
• Top agents:
  1. daimyo: 1001 Shannon
  2. official: 1001 Shannon
  3. mutation-detection-specialist: 981 Shannon

*Security*
• HTTPS: ❌
• Mutation detector: operational

*Next Actions*
• High raw failures (73) – copier agent active
• HTTPS missing – consider Let's Encrypt


=== 2026-03-20T12:42:59.149427+00:00 ===
📊 *Daily Agency Report* (2026‑03‑d 12:42 UTC)

*Infrastructure*
• Services: 6/6 operational
• Raw failures tracked: 73
• Pivots executed: 12
• Shannon from pivots: 375

*Economy*
• Agents: 16
• Total Shannon minted: 4935
• Top agents:
  1. daimyo: 1001 Shannon
  2. official: 1001 Shannon
  3. mutation-detection-specialist: 981 Shannon

*Security*
• HTTPS: ❌
• Mutation detector: operational

*Next Actions*
• High raw failures (73) – copier agent active
• HTTPS missing – consider Let's Encrypt


=== 2026-03-20T12:46:58.517226+00:00 ===
📊 *Daily Agency Report* (2026‑03‑d 12:46 UTC)

*Infrastructure*
• Services: 6/6 operational
• Raw failures tracked: 85
• Pivots executed: 24
• Shannon from pivots: 620

*Economy*
• Agents: 16
• Total Shannon minted: 5190
• Top agents:
  1. daimyo: 1001 Shannon
  2. official: 1001 Shannon
  3. mutation-detection-specialist: 981 Shannon

*Security*
• HTTPS: ❌
• Mutation detector: operational

*Next Actions*
• High raw failures (85) – copier agent active
• HTTPS missing – consider Let's Encrypt

