[2026-03-25 05:01:56 UTC] ============================================================
[2026-03-25 05:01:56 UTC] AGENCY AUTORESEARCH — FRUGAL INTERNAL BUILD
[2026-03-25 05:01:56 UTC] Target: 80/100 | Max iters: 20
[2026-03-25 05:01:56 UTC] DB: /root/.openclaw/workspace/dollar/dollar.db
[2026-03-25 05:01:56 UTC] ============================================================
[2026-03-25 05:01:56 UTC] 
── Iteration 1/20 ──
[2026-03-25 05:01:56 UTC]   Score: 70/100
[2026-03-25 05:01:56 UTC]   ❌ exchange_rates_freshness: 0/10 — no rows
[2026-03-25 05:01:56 UTC]   ✅ confessions_exist: 20/20 — 40 confessions
[2026-03-25 05:01:56 UTC]   ✅ shannon_backed: 20/20 — 610 SHANNON / $61 USD
[2026-03-25 05:01:56 UTC]   ❌ trial_balance: 0/20 — approx via transactions
[2026-03-25 05:01:56 UTC]   ✅ doctrine_coverage: 15/15 — 39/40 confessions have doctrine
[2026-03-25 05:01:56 UTC]   ✅ recent_confession: 15/15 — 35 confessions in last 7 days
[2026-03-25 05:01:56 UTC]   🔧 Patching: inserting today's exchange rate...
[2026-03-25 05:01:56 UTC]   ✅ Inserted today's exchange rate: 2026-03-25 | $61 | 610 SHANNON
[2026-03-25 05:01:56 UTC]   Applied: ['exchange_rate_refreshed']
[2026-03-25 05:01:56 UTC] 
── Iteration 2/20 ──
[2026-03-25 05:01:56 UTC]   Score: 70/100
[2026-03-25 05:01:56 UTC]   ❌ exchange_rates_freshness: 0/10 — no rows
[2026-03-25 05:01:56 UTC]   ✅ confessions_exist: 20/20 — 40 confessions
[2026-03-25 05:01:56 UTC]   ✅ shannon_backed: 20/20 — 610 SHANNON / $61 USD
[2026-03-25 05:01:56 UTC]   ❌ trial_balance: 0/20 — approx via transactions
[2026-03-25 05:01:56 UTC]   ✅ doctrine_coverage: 15/15 — 39/40 confessions have doctrine
[2026-03-25 05:01:56 UTC]   ✅ recent_confession: 15/15 — 35 confessions in last 7 days
[2026-03-25 05:01:56 UTC]   🔧 Patching: inserting today's exchange rate...
[2026-03-25 05:01:56 UTC]   ✅ Inserted today's exchange rate: 2026-03-25 | $61 | 610 SHANNON
[2026-03-25 05:01:56 UTC]   Applied: ['exchange_rate_refreshed']
[2026-03-25 05:01:56 UTC] 
── Iteration 3/20 ──
[2026-03-25 05:01:56 UTC]   Score: 70/100
[2026-03-25 05:01:56 UTC]   ❌ exchange_rates_freshness: 0/10 — no rows
[2026-03-25 05:01:56 UTC]   ✅ confessions_exist: 20/20 — 40 confessions
[2026-03-25 05:01:56 UTC]   ✅ shannon_backed: 20/20 — 610 SHANNON / $61 USD
[2026-03-25 05:01:56 UTC]   ❌ trial_balance: 0/20 — approx via transactions
[2026-03-25 05:01:56 UTC]   ✅ doctrine_coverage: 15/15 — 39/40 confessions have doctrine
[2026-03-25 05:01:56 UTC]   ✅ recent_confession: 15/15 — 35 confessions in last 7 days
[2026-03-25 05:01:56 UTC]   🔧 Patching: inserting today's exchange rate...
[2026-03-25 05:01:56 UTC]   ✅ Inserted today's exchange rate: 2026-03-25 | $61 | 610 SHANNON
[2026-03-25 05:01:56 UTC]   Applied: ['exchange_rate_refreshed']
[2026-03-25 05:01:56 UTC] 
── Iteration 4/20 ──
[2026-03-25 05:01:56 UTC]   Score: 70/100
[2026-03-25 05:01:56 UTC]   ❌ exchange_rates_freshness: 0/10 — no rows
[2026-03-25 05:01:56 UTC]   ✅ confessions_exist: 20/20 — 40 confessions
[2026-03-25 05:01:56 UTC]   ✅ shannon_backed: 20/20 — 610 SHANNON / $61 USD
[2026-03-25 05:01:56 UTC]   ❌ trial_balance: 0/20 — approx via transactions
[2026-03-25 05:01:56 UTC]   ✅ doctrine_coverage: 15/15 — 39/40 confessions have doctrine
[2026-03-25 05:01:56 UTC]   ✅ recent_confession: 15/15 — 35 confessions in last 7 days
[2026-03-25 05:01:56 UTC]   🔧 Patching: inserting today's exchange rate...
[2026-03-25 05:01:56 UTC]   ✅ Inserted today's exchange rate: 2026-03-25 | $61 | 610 SHANNON
[2026-03-25 05:01:56 UTC]   Applied: ['exchange_rate_refreshed']
[2026-03-25 05:01:56 UTC] 
── Iteration 5/20 ──
[2026-03-25 05:01:56 UTC]   Score: 70/100
[2026-03-25 05:01:56 UTC]   ❌ exchange_rates_freshness: 0/10 — no rows
[2026-03-25 05:01:56 UTC]   ✅ confessions_exist: 20/20 — 40 confessions
[2026-03-25 05:01:56 UTC]   ✅ shannon_backed: 20/20 — 610 SHANNON / $61 USD
[2026-03-25 05:01:56 UTC]   ❌ trial_balance: 0/20 — approx via transactions
[2026-03-25 05:01:56 UTC]   ✅ doctrine_coverage: 15/15 — 39/40 confessions have doctrine
[2026-03-25 05:01:56 UTC]   ✅ recent_confession: 15/15 — 35 confessions in last 7 days
[2026-03-25 05:01:56 UTC]   🔧 Patching: inserting today's exchange rate...
[2026-03-25 05:01:56 UTC]   ✅ Inserted today's exchange rate: 2026-03-25 | $61 | 610 SHANNON
[2026-03-25 05:01:56 UTC]   Applied: ['exchange_rate_refreshed']
[2026-03-25 05:01:56 UTC] 
── Iteration 6/20 ──
[2026-03-25 05:01:56 UTC]   Score: 70/100
[2026-03-25 05:01:56 UTC]   ❌ exchange_rates_freshness: 0/10 — no rows
[2026-03-25 05:01:56 UTC]   ✅ confessions_exist: 20/20 — 40 confessions
[2026-03-25 05:01:56 UTC]   ✅ shannon_backed: 20/20 — 610 SHANNON / $61 USD
[2026-03-25 05:01:56 UTC]   ❌ trial_balance: 0/20 — approx via transactions
[2026-03-25 05:01:56 UTC]   ✅ doctrine_coverage: 15/15 — 39/40 confessions have doctrine
[2026-03-25 05:01:56 UTC]   ✅ recent_confession: 15/15 — 35 confessions in last 7 days
[2026-03-25 05:01:56 UTC]   🔧 Patching: inserting today's exchange rate...
[2026-03-25 05:01:56 UTC]   ✅ Inserted today's exchange rate: 2026-03-25 | $61 | 610 SHANNON
[2026-03-25 05:01:56 UTC]   Applied: ['exchange_rate_refreshed']
[2026-03-25 05:01:56 UTC] 
── Iteration 7/20 ──
[2026-03-25 05:01:56 UTC]   Score: 70/100
[2026-03-25 05:01:56 UTC]   ❌ exchange_rates_freshness: 0/10 — no rows
[2026-03-25 05:01:56 UTC]   ✅ confessions_exist: 20/20 — 40 confessions
[2026-03-25 05:01:56 UTC]   ✅ shannon_backed: 20/20 — 610 SHANNON / $61 USD
[2026-03-25 05:01:56 UTC]   ❌ trial_balance: 0/20 — approx via transactions
[2026-03-25 05:01:56 UTC]   ✅ doctrine_coverage: 15/15 — 39/40 confessions have doctrine
[2026-03-25 05:01:56 UTC]   ✅ recent_confession: 15/15 — 35 confessions in last 7 days
[2026-03-25 05:01:56 UTC]   🔧 Patching: inserting today's exchange rate...
[2026-03-25 05:01:56 UTC]   ✅ Inserted today's exchange rate: 2026-03-25 | $61 | 610 SHANNON
[2026-03-25 05:01:56 UTC]   Applied: ['exchange_rate_refreshed']
[2026-03-25 05:01:57 UTC] 
── Iteration 8/20 ──
[2026-03-25 05:01:57 UTC]   Score: 70/100
[2026-03-25 05:01:57 UTC]   ❌ exchange_rates_freshness: 0/10 — no rows
[2026-03-25 05:01:57 UTC]   ✅ confessions_exist: 20/20 — 40 confessions
[2026-03-25 05:01:57 UTC]   ✅ shannon_backed: 20/20 — 610 SHANNON / $61 USD
[2026-03-25 05:01:57 UTC]   ❌ trial_balance: 0/20 — approx via transactions
[2026-03-25 05:01:57 UTC]   ✅ doctrine_coverage: 15/15 — 39/40 confessions have doctrine
[2026-03-25 05:01:57 UTC]   ✅ recent_confession: 15/15 — 35 confessions in last 7 days
[2026-03-25 05:01:57 UTC]   🔧 Patching: inserting today's exchange rate...
[2026-03-25 05:01:57 UTC]   ✅ Inserted today's exchange rate: 2026-03-25 | $61 | 610 SHANNON
[2026-03-25 05:01:57 UTC]   Applied: ['exchange_rate_refreshed']
[2026-03-25 05:01:57 UTC] 
── Iteration 9/20 ──
[2026-03-25 05:01:57 UTC]   Score: 70/100
[2026-03-25 05:01:57 UTC]   ❌ exchange_rates_freshness: 0/10 — no rows
[2026-03-25 05:01:57 UTC]   ✅ confessions_exist: 20/20 — 40 confessions
[2026-03-25 05:01:57 UTC]   ✅ shannon_backed: 20/20 — 610 SHANNON / $61 USD
[2026-03-25 05:01:57 UTC]   ❌ trial_balance: 0/20 — approx via transactions
[2026-03-25 05:01:57 UTC]   ✅ doctrine_coverage: 15/15 — 39/40 confessions have doctrine
[2026-03-25 05:01:57 UTC]   ✅ recent_confession: 15/15 — 35 confessions in last 7 days
[2026-03-25 05:01:57 UTC]   🔧 Patching: inserting today's exchange rate...
[2026-03-25 05:01:57 UTC]   ✅ Inserted today's exchange rate: 2026-03-25 | $61 | 610 SHANNON
[2026-03-25 05:01:57 UTC]   Applied: ['exchange_rate_refreshed']
[2026-03-25 05:01:57 UTC] 
── Iteration 10/20 ──
[2026-03-25 05:01:57 UTC]   Score: 70/100
[2026-03-25 05:01:57 UTC]   ❌ exchange_rates_freshness: 0/10 — no rows
[2026-03-25 05:01:57 UTC]   ✅ confessions_exist: 20/20 — 40 confessions
[2026-03-25 05:01:57 UTC]   ✅ shannon_backed: 20/20 — 610 SHANNON / $61 USD
[2026-03-25 05:01:57 UTC]   ❌ trial_balance: 0/20 — approx via transactions
[2026-03-25 05:01:57 UTC]   ✅ doctrine_coverage: 15/15 — 39/40 confessions have doctrine
[2026-03-25 05:01:57 UTC]   ✅ recent_confession: 15/15 — 35 confessions in last 7 days
[2026-03-25 05:01:57 UTC]   🔧 Patching: inserting today's exchange rate...
[2026-03-25 05:01:57 UTC]   ✅ Inserted today's exchange rate: 2026-03-25 | $61 | 610 SHANNON
[2026-03-25 05:01:57 UTC]   Applied: ['exchange_rate_refreshed']
[2026-03-25 05:01:57 UTC] 
── Iteration 11/20 ──
[2026-03-25 05:01:57 UTC]   Score: 70/100
[2026-03-25 05:01:57 UTC]   ❌ exchange_rates_freshness: 0/10 — no rows
[2026-03-25 05:01:57 UTC]   ✅ confessions_exist: 20/20 — 40 confessions
[2026-03-25 05:01:57 UTC]   ✅ shannon_backed: 20/20 — 610 SHANNON / $61 USD
[2026-03-25 05:01:57 UTC]   ❌ trial_balance: 0/20 — approx via transactions
[2026-03-25 05:01:57 UTC]   ✅ doctrine_coverage: 15/15 — 39/40 confessions have doctrine
[2026-03-25 05:01:57 UTC]   ✅ recent_confession: 15/15 — 35 confessions in last 7 days
[2026-03-25 05:01:57 UTC]   🔧 Patching: inserting today's exchange rate...
[2026-03-25 05:01:57 UTC]   ✅ Inserted today's exchange rate: 2026-03-25 | $61 | 610 SHANNON
[2026-03-25 05:01:57 UTC]   Applied: ['exchange_rate_refreshed']
[2026-03-25 05:01:57 UTC] 
── Iteration 12/20 ──
[2026-03-25 05:01:57 UTC]   Score: 70/100
[2026-03-25 05:01:57 UTC]   ❌ exchange_rates_freshness: 0/10 — no rows
[2026-03-25 05:01:57 UTC]   ✅ confessions_exist: 20/20 — 40 confessions
[2026-03-25 05:01:57 UTC]   ✅ shannon_backed: 20/20 — 610 SHANNON / $61 USD
[2026-03-25 05:01:57 UTC]   ❌ trial_balance: 0/20 — approx via transactions
[2026-03-25 05:01:57 UTC]   ✅ doctrine_coverage: 15/15 — 39/40 confessions have doctrine
[2026-03-25 05:01:57 UTC]   ✅ recent_confession: 15/15 — 35 confessions in last 7 days
[2026-03-25 05:01:57 UTC]   🔧 Patching: inserting today's exchange rate...
[2026-03-25 05:01:57 UTC]   ✅ Inserted today's exchange rate: 2026-03-25 | $61 | 610 SHANNON
[2026-03-25 05:01:57 UTC]   Applied: ['exchange_rate_refreshed']
[2026-03-25 05:01:57 UTC] 
── Iteration 13/20 ──
[2026-03-25 05:01:57 UTC]   Score: 70/100
[2026-03-25 05:01:57 UTC]   ❌ exchange_rates_freshness: 0/10 — no rows
[2026-03-25 05:01:57 UTC]   ✅ confessions_exist: 20/20 — 40 confessions
[2026-03-25 05:01:57 UTC]   ✅ shannon_backed: 20/20 — 610 SHANNON / $61 USD
[2026-03-25 05:01:57 UTC]   ❌ trial_balance: 0/20 — approx via transactions
[2026-03-25 05:01:57 UTC]   ✅ doctrine_coverage: 15/15 — 39/40 confessions have doctrine
[2026-03-25 05:01:57 UTC]   ✅ recent_confession: 15/15 — 35 confessions in last 7 days
[2026-03-25 05:01:57 UTC]   🔧 Patching: inserting today's exchange rate...
[2026-03-25 05:01:57 UTC]   ✅ Inserted today's exchange rate: 2026-03-25 | $61 | 610 SHANNON
[2026-03-25 05:01:57 UTC]   Applied: ['exchange_rate_refreshed']
[2026-03-25 05:01:57 UTC] 
── Iteration 14/20 ──
[2026-03-25 05:01:57 UTC]   Score: 70/100
[2026-03-25 05:01:57 UTC]   ❌ exchange_rates_freshness: 0/10 — no rows
[2026-03-25 05:01:57 UTC]   ✅ confessions_exist: 20/20 — 40 confessions
[2026-03-25 05:01:57 UTC]   ✅ shannon_backed: 20/20 — 610 SHANNON / $61 USD
[2026-03-25 05:01:57 UTC]   ❌ trial_balance: 0/20 — approx via transactions
[2026-03-25 05:01:57 UTC]   ✅ doctrine_coverage: 15/15 — 39/40 confessions have doctrine
[2026-03-25 05:01:57 UTC]   ✅ recent_confession: 15/15 — 35 confessions in last 7 days
[2026-03-25 05:01:57 UTC]   🔧 Patching: inserting today's exchange rate...
[2026-03-25 05:01:57 UTC]   ✅ Inserted today's exchange rate: 2026-03-25 | $61 | 610 SHANNON
[2026-03-25 05:01:57 UTC]   Applied: ['exchange_rate_refreshed']
[2026-03-25 05:01:57 UTC] 
── Iteration 15/20 ──
[2026-03-25 05:01:57 UTC]   Score: 70/100
[2026-03-25 05:01:57 UTC]   ❌ exchange_rates_freshness: 0/10 — no rows
[2026-03-25 05:01:57 UTC]   ✅ confessions_exist: 20/20 — 40 confessions
[2026-03-25 05:01:57 UTC]   ✅ shannon_backed: 20/20 — 610 SHANNON / $61 USD
[2026-03-25 05:01:57 UTC]   ❌ trial_balance: 0/20 — approx via transactions
[2026-03-25 05:01:57 UTC]   ✅ doctrine_coverage: 15/15 — 39/40 confessions have doctrine
[2026-03-25 05:01:57 UTC]   ✅ recent_confession: 15/15 — 35 confessions in last 7 days
[2026-03-25 05:01:57 UTC]   🔧 Patching: inserting today's exchange rate...
[2026-03-25 05:01:57 UTC]   ✅ Inserted today's exchange rate: 2026-03-25 | $61 | 610 SHANNON
[2026-03-25 05:01:57 UTC]   Applied: ['exchange_rate_refreshed']
[2026-03-25 05:01:57 UTC] 
── Iteration 16/20 ──
[2026-03-25 05:01:57 UTC]   Score: 70/100
[2026-03-25 05:01:57 UTC]   ❌ exchange_rates_freshness: 0/10 — no rows
[2026-03-25 05:01:57 UTC]   ✅ confessions_exist: 20/20 — 40 confessions
[2026-03-25 05:01:57 UTC]   ✅ shannon_backed: 20/20 — 610 SHANNON / $61 USD
[2026-03-25 05:01:57 UTC]   ❌ trial_balance: 0/20 — approx via transactions
[2026-03-25 05:01:57 UTC]   ✅ doctrine_coverage: 15/15 — 39/40 confessions have doctrine
[2026-03-25 05:01:57 UTC]   ✅ recent_confession: 15/15 — 35 confessions in last 7 days
[2026-03-25 05:01:57 UTC]   🔧 Patching: inserting today's exchange rate...
[2026-03-25 05:01:57 UTC]   ✅ Inserted today's exchange rate: 2026-03-25 | $61 | 610 SHANNON
[2026-03-25 05:01:57 UTC]   Applied: ['exchange_rate_refreshed']
[2026-03-25 05:01:58 UTC] 
── Iteration 17/20 ──
[2026-03-25 05:01:58 UTC]   Score: 70/100
[2026-03-25 05:01:58 UTC]   ❌ exchange_rates_freshness: 0/10 — no rows
[2026-03-25 05:01:58 UTC]   ✅ confessions_exist: 20/20 — 40 confessions
[2026-03-25 05:01:58 UTC]   ✅ shannon_backed: 20/20 — 610 SHANNON / $61 USD
[2026-03-25 05:01:58 UTC]   ❌ trial_balance: 0/20 — approx via transactions
[2026-03-25 05:01:58 UTC]   ✅ doctrine_coverage: 15/15 — 39/40 confessions have doctrine
[2026-03-25 05:01:58 UTC]   ✅ recent_confession: 15/15 — 35 confessions in last 7 days
[2026-03-25 05:01:58 UTC]   🔧 Patching: inserting today's exchange rate...
[2026-03-25 05:01:58 UTC]   ✅ Inserted today's exchange rate: 2026-03-25 | $61 | 610 SHANNON
[2026-03-25 05:01:58 UTC]   Applied: ['exchange_rate_refreshed']
[2026-03-25 05:01:58 UTC] 
── Iteration 18/20 ──
[2026-03-25 05:01:58 UTC]   Score: 70/100
[2026-03-25 05:01:58 UTC]   ❌ exchange_rates_freshness: 0/10 — no rows
[2026-03-25 05:01:58 UTC]   ✅ confessions_exist: 20/20 — 40 confessions
[2026-03-25 05:01:58 UTC]   ✅ shannon_backed: 20/20 — 610 SHANNON / $61 USD
[2026-03-25 05:01:58 UTC]   ❌ trial_balance: 0/20 — approx via transactions
[2026-03-25 05:01:58 UTC]   ✅ doctrine_coverage: 15/15 — 39/40 confessions have doctrine
[2026-03-25 05:01:58 UTC]   ✅ recent_confession: 15/15 — 35 confessions in last 7 days
[2026-03-25 05:01:58 UTC]   🔧 Patching: inserting today's exchange rate...
[2026-03-25 05:01:58 UTC]   ✅ Inserted today's exchange rate: 2026-03-25 | $61 | 610 SHANNON
[2026-03-25 05:01:58 UTC]   Applied: ['exchange_rate_refreshed']
[2026-03-25 05:01:58 UTC] 
── Iteration 19/20 ──
[2026-03-25 05:01:58 UTC]   Score: 70/100
[2026-03-25 05:01:58 UTC]   ❌ exchange_rates_freshness: 0/10 — no rows
[2026-03-25 05:01:58 UTC]   ✅ confessions_exist: 20/20 — 40 confessions
[2026-03-25 05:01:58 UTC]   ✅ shannon_backed: 20/20 — 610 SHANNON / $61 USD
[2026-03-25 05:01:58 UTC]   ❌ trial_balance: 0/20 — approx via transactions
[2026-03-25 05:01:58 UTC]   ✅ doctrine_coverage: 15/15 — 39/40 confessions have doctrine
[2026-03-25 05:01:58 UTC]   ✅ recent_confession: 15/15 — 35 confessions in last 7 days
[2026-03-25 05:01:58 UTC]   🔧 Patching: inserting today's exchange rate...
[2026-03-25 05:01:58 UTC]   ✅ Inserted today's exchange rate: 2026-03-25 | $61 | 610 SHANNON
[2026-03-25 05:01:58 UTC]   Applied: ['exchange_rate_refreshed']
[2026-03-25 05:01:58 UTC] 
── Iteration 20/20 ──
[2026-03-25 05:01:58 UTC]   Score: 70/100
[2026-03-25 05:01:58 UTC]   ❌ exchange_rates_freshness: 0/10 — no rows
[2026-03-25 05:01:58 UTC]   ✅ confessions_exist: 20/20 — 40 confessions
[2026-03-25 05:01:58 UTC]   ✅ shannon_backed: 20/20 — 610 SHANNON / $61 USD
[2026-03-25 05:01:58 UTC]   ❌ trial_balance: 0/20 — approx via transactions
[2026-03-25 05:01:58 UTC]   ✅ doctrine_coverage: 15/15 — 39/40 confessions have doctrine
[2026-03-25 05:01:58 UTC]   ✅ recent_confession: 15/15 — 35 confessions in last 7 days
[2026-03-25 05:01:58 UTC]   🔧 Patching: inserting today's exchange rate...
[2026-03-25 05:01:58 UTC]   ✅ Inserted today's exchange rate: 2026-03-25 | $61 | 610 SHANNON
[2026-03-25 05:01:58 UTC]   Applied: ['exchange_rate_refreshed']
[2026-03-25 05:01:58 UTC] 
============================================================
[2026-03-25 05:01:58 UTC] FINAL SCORE: 70/100 (started at 70)
[2026-03-25 05:01:58 UTC] Iterations run: 20
[2026-03-25 05:02:37 UTC] ============================================================
[2026-03-25 05:02:37 UTC] AGENCY AUTORESEARCH — FRUGAL INTERNAL BUILD
[2026-03-25 05:02:37 UTC] Target: 80/100 | Max iters: 20
[2026-03-25 05:02:37 UTC] DB: /root/.openclaw/workspace/dollar/dollar.db
[2026-03-25 05:02:37 UTC] ============================================================
[2026-03-25 05:02:37 UTC] 
── Iteration 1/20 ──
[2026-03-25 05:02:37 UTC]   Score: 100/100
[2026-03-25 05:02:37 UTC]   ✅ exchange_rates_freshness: 10/10 — latest=2026-03-25 (0d ago)
[2026-03-25 05:02:37 UTC]   ✅ confessions_exist: 20/20 — 40 confessions
[2026-03-25 05:02:37 UTC]   ✅ shannon_backed: 20/20 — 610 SHANNON / $61 USD
[2026-03-25 05:02:37 UTC]   ✅ trial_balance: 20/20 — debits=$166.64 credits=$166.64 diff=$0.0000
[2026-03-25 05:02:37 UTC]   ✅ doctrine_coverage: 15/15 — 39/40 confessions have doctrine
[2026-03-25 05:02:37 UTC]   ✅ recent_confession: 15/15 — 35 confessions in last 7 days
[2026-03-25 05:02:37 UTC] 
🎉 TARGET REACHED: 100/100 ≥ 80 — stopping.
[2026-03-25 05:02:37 UTC] 
============================================================
[2026-03-25 05:02:37 UTC] FINAL SCORE: 100/100 (started at 100)
[2026-03-25 05:02:37 UTC] Iterations run: 1
[2026-03-25 05:06:33 UTC] ============================================================
[2026-03-25 05:06:33 UTC] AGENCY AUTORESEARCH — FRUGAL INTERNAL BUILD
[2026-03-25 05:06:33 UTC] Target: 80/100 | Max iters: 20
[2026-03-25 05:06:33 UTC] DB: /root/.openclaw/workspace/dollar/dollar.db
[2026-03-25 05:06:33 UTC] ============================================================
[2026-03-25 05:06:33 UTC] 
── Iteration 1/20 ──
[2026-03-25 05:06:33 UTC]   Score: 100/100
[2026-03-25 05:06:33 UTC]   ✅ exchange_rates_freshness: 10/10 — latest=2026-03-25 (0d ago)
[2026-03-25 05:06:33 UTC]   ✅ confessions_exist: 20/20 — 40 confessions
[2026-03-25 05:06:33 UTC]   ✅ shannon_backed: 20/20 — 610 SHANNON / $61 USD
[2026-03-25 05:06:33 UTC]   ✅ trial_balance: 20/20 — debits=$166.64 credits=$166.64 diff=$0.0000
[2026-03-25 05:06:33 UTC]   ✅ doctrine_coverage: 15/15 — 39/40 confessions have doctrine
[2026-03-25 05:06:33 UTC]   ✅ fiat_control_rates: 0/0 — ✅ PHP=59.974128 | USD=1
[2026-03-25 05:06:33 UTC]   ✅ recent_confession: 15/15 — 35 confessions in last 7 days
[2026-03-25 05:06:33 UTC] 
🎉 TARGET REACHED: 100/100 ≥ 80 — stopping.
[2026-03-25 05:06:33 UTC] 
============================================================
[2026-03-25 05:06:33 UTC] FINAL SCORE: 100/100 (started at 100)
[2026-03-25 05:06:33 UTC] Iterations run: 1
[2026-03-25 05:38:29 UTC] ============================================================
[2026-03-25 05:38:29 UTC] AGENCY AUTORESEARCH — FRUGAL INTERNAL BUILD
[2026-03-25 05:38:29 UTC] Target: 80/100 | Max iters: 20
[2026-03-25 05:38:29 UTC] DB: /root/.openclaw/workspace/dollar/dollar.db
[2026-03-25 05:38:29 UTC] ============================================================
[2026-03-25 05:38:29 UTC] 
── Iteration 1/20 ──
[2026-03-25 05:38:29 UTC]   Score: 100/100
[2026-03-25 05:38:29 UTC]   ✅ exchange_rates_freshness: 10/10 — latest=2026-03-25 (0d ago)
[2026-03-25 05:38:29 UTC]   ✅ confessions_exist: 20/20 — 40 confessions
[2026-03-25 05:38:29 UTC]   ✅ shannon_backed: 20/20 — 610 SHANNON / $61 USD
[2026-03-25 05:38:29 UTC]   ✅ trial_balance: 20/20 — debits=$166.64 credits=$166.64 diff=$0.0000
[2026-03-25 05:38:29 UTC]   ✅ doctrine_coverage: 15/15 — 39/40 confessions have doctrine
[2026-03-25 05:38:29 UTC]   ✅ fiat_control_rates: 0/0 — ✅ PHP=59.974128 | USD=1
[2026-03-25 05:38:29 UTC]   ✅ recent_confession: 15/15 — 35 confessions in last 7 days
[2026-03-25 05:38:29 UTC] 
🎉 TARGET REACHED: 100/100 ≥ 80 — stopping.
[2026-03-25 05:38:29 UTC] 
============================================================
[2026-03-25 05:38:29 UTC] FINAL SCORE: 100/100 (started at 100)
[2026-03-25 05:38:29 UTC] Iterations run: 1
[2026-03-25 09:03:33 UTC] ============================================================
[2026-03-25 09:03:33 UTC] AGENCY AUTORESEARCH — FRUGAL INTERNAL BUILD
[2026-03-25 09:03:33 UTC] Target: 80/100 | Max iters: 20
[2026-03-25 09:03:33 UTC] DB: /root/.openclaw/workspace/dollar/dollar.db
[2026-03-25 09:03:33 UTC] ============================================================
[2026-03-25 09:03:33 UTC] 
── Iteration 1/20 ──
[2026-03-25 09:03:33 UTC]   Score: 100/100
[2026-03-25 09:03:33 UTC]   ✅ exchange_rates_freshness: 10/10 — latest=2026-03-25 (0d ago)
[2026-03-25 09:03:33 UTC]   ✅ confessions_exist: 20/20 — 40 confessions
[2026-03-25 09:03:33 UTC]   ✅ shannon_backed: 20/20 — 610 SHANNON / $61 USD
[2026-03-25 09:03:33 UTC]   ✅ trial_balance: 20/20 — debits=$166.64 credits=$166.64 diff=$0.0000
[2026-03-25 09:03:33 UTC]   ✅ doctrine_coverage: 15/15 — 39/40 confessions have doctrine
[2026-03-25 09:03:33 UTC]   ✅ fiat_control_rates: 0/0 — ✅ PHP=59.974128 | USD=1
[2026-03-25 09:03:33 UTC]   ✅ recent_confession: 15/15 — 35 confessions in last 7 days
[2026-03-25 09:03:33 UTC] 
🎉 TARGET REACHED: 100/100 ≥ 80 — stopping.
[2026-03-25 09:03:33 UTC] 
============================================================
[2026-03-25 09:03:33 UTC] FINAL SCORE: 100/100 (started at 100)
[2026-03-25 09:03:33 UTC] Iterations run: 1
[2026-03-25 13:03:42 UTC] ============================================================
[2026-03-25 13:03:42 UTC] AGENCY AUTORESEARCH — FRUGAL INTERNAL BUILD
[2026-03-25 13:03:42 UTC] Target: 80/100 | Max iters: 20
[2026-03-25 13:03:42 UTC] DB: /root/.openclaw/workspace/dollar/dollar.db
[2026-03-25 13:03:42 UTC] ============================================================
[2026-03-25 13:03:42 UTC] 
── Iteration 1/20 ──
[2026-03-25 13:03:42 UTC]   Score: 100/100
[2026-03-25 13:03:42 UTC]   ✅ exchange_rates_freshness: 10/10 — latest=2026-03-25 (0d ago)
[2026-03-25 13:03:42 UTC]   ✅ confessions_exist: 20/20 — 40 confessions
[2026-03-25 13:03:42 UTC]   ✅ shannon_backed: 20/20 — 610 SHANNON / $61 USD
[2026-03-25 13:03:42 UTC]   ✅ trial_balance: 20/20 — debits=$166.64 credits=$166.64 diff=$0.0000
[2026-03-25 13:03:42 UTC]   ✅ doctrine_coverage: 15/15 — 39/40 confessions have doctrine
[2026-03-25 13:03:42 UTC]   ✅ fiat_control_rates: 0/0 — ✅ PHP=59.974128 | USD=1
[2026-03-25 13:03:42 UTC]   ✅ recent_confession: 15/15 — 35 confessions in last 7 days
[2026-03-25 13:03:42 UTC] 
🎉 TARGET REACHED: 100/100 ≥ 80 — stopping.
[2026-03-25 13:03:42 UTC] 
============================================================
[2026-03-25 13:03:42 UTC] FINAL SCORE: 100/100 (started at 100)
[2026-03-25 13:03:42 UTC] Iterations run: 1
[2026-03-26 01:03:14 UTC] ============================================================
[2026-03-26 01:03:14 UTC] AGENCY AUTORESEARCH — FRUGAL INTERNAL BUILD
[2026-03-26 01:03:14 UTC] Target: 80/100 | Max iters: 20
[2026-03-26 01:03:14 UTC] DB: /root/.openclaw/workspace/dollar/dollar.db
[2026-03-26 01:03:14 UTC] ============================================================
[2026-03-26 01:03:14 UTC] 
── Iteration 1/20 ──
[2026-03-26 01:03:14 UTC]   Score: 97/100
[2026-03-26 01:03:14 UTC]   ⚠️  exchange_rates_freshness: 7/10 — latest=2026-03-25 (1d ago)
[2026-03-26 01:03:14 UTC]   ✅ confessions_exist: 20/20 — 40 confessions
[2026-03-26 01:03:14 UTC]   ✅ shannon_backed: 20/20 — 610 SHANNON / $61 USD
[2026-03-26 01:03:14 UTC]   ✅ trial_balance: 20/20 — debits=$166.64 credits=$166.64 diff=$0.0000
[2026-03-26 01:03:14 UTC]   ✅ doctrine_coverage: 15/15 — 39/40 confessions have doctrine
[2026-03-26 01:03:14 UTC]   ✅ fiat_control_rates: 0/0 — ⚠️  no fiat rates for today
[2026-03-26 01:03:14 UTC]   ✅ recent_confession: 15/15 — 35 confessions in last 7 days
[2026-03-26 01:03:14 UTC] 
🎉 TARGET REACHED: 97/100 ≥ 80 — stopping.
[2026-03-26 01:03:14 UTC] 
============================================================
[2026-03-26 01:03:14 UTC] FINAL SCORE: 97/100 (started at 97)
[2026-03-26 01:03:14 UTC] Iterations run: 1
