2026-03-20 06:00:17,214 - __main__ - INFO - Token Budget Enforcer daemon starting
2026-03-20 06:00:17,214 - __main__ - INFO - Starting token budget enforcement loop
2026-03-20 06:00:17,223 - __main__ - INFO - Recorded 8 token usage entries
2026-03-20 06:00:17,226 - __main__ - WARNING - Circuit breaker triggered: fiesta halt - 5000/2000 - HARD STOP - Block further token usage
2026-03-20 06:00:17,308 - __main__ - WARNING - Failed to mint entropy: 400
2026-03-20 06:02:17,783 - __main__ - INFO - Token Budget Enforcer daemon starting
2026-03-20 06:02:17,783 - __main__ - INFO - Starting token budget enforcement loop
2026-03-20 06:57:17,840 - __main__ - INFO - Reset counters for 8 agent(s)
2026-03-20 07:58:17,900 - __main__ - INFO - Reset counters for 8 agent(s)
2026-03-20 08:59:17,965 - __main__ - INFO - Reset counters for 8 agent(s)
2026-03-20 09:59:18,023 - __main__ - INFO - Reset counters for 8 agent(s)
2026-03-20 11:00:18,088 - __main__ - INFO - Reset counters for 8 agent(s)
2026-03-20 12:01:18,149 - __main__ - INFO - Reset counters for 8 agent(s)
2026-03-20 13:02:18,206 - __main__ - INFO - Reset counters for 8 agent(s)
2026-03-20 14:03:18,269 - __main__ - INFO - Reset counters for 8 agent(s)
2026-03-20 15:04:18,328 - __main__ - INFO - Reset counters for 8 agent(s)
2026-03-20 16:05:18,391 - __main__ - INFO - Reset counters for 8 agent(s)
2026-03-20 17:06:18,457 - __main__ - INFO - Reset counters for 8 agent(s)
2026-03-20 18:07:18,521 - __main__ - INFO - Reset counters for 8 agent(s)
2026-03-20 19:08:18,581 - __main__ - INFO - Reset counters for 8 agent(s)
2026-03-20 20:09:18,644 - __main__ - INFO - Reset counters for 8 agent(s)
2026-03-20 21:10:18,701 - __main__ - INFO - Reset counters for 8 agent(s)
2026-03-20 22:11:18,767 - __main__ - INFO - Reset counters for 8 agent(s)
2026-03-20 23:12:18,833 - __main__ - INFO - Reset counters for 8 agent(s)
2026-03-21 00:13:18,891 - __main__ - INFO - Reset counters for 8 agent(s)
2026-03-21 01:14:18,955 - __main__ - INFO - Reset counters for 8 agent(s)
2026-03-21 02:14:19,014 - __main__ - INFO - Reset counters for 8 agent(s)
2026-03-21 03:15:19,071 - __main__ - INFO - Reset counters for 8 agent(s)
2026-03-21 04:16:19,131 - __main__ - INFO - Reset counters for 8 agent(s)
2026-03-21 05:17:19,191 - __main__ - INFO - Reset counters for 8 agent(s)
2026-03-21 06:18:19,252 - __main__ - INFO - Reset counters for 8 agent(s)
2026-03-21 07:19:19,314 - __main__ - INFO - Reset counters for 8 agent(s)
2026-03-21 08:20:19,382 - __main__ - INFO - Reset counters for 8 agent(s)
2026-03-21 09:21:19,445 - __main__ - INFO - Reset counters for 8 agent(s)
2026-03-21 10:22:19,509 - __main__ - INFO - Reset counters for 8 agent(s)
2026-03-21 11:23:19,569 - __main__ - INFO - Reset counters for 8 agent(s)
2026-03-21 12:24:19,631 - __main__ - INFO - Reset counters for 8 agent(s)
2026-03-21 13:25:19,690 - __main__ - INFO - Reset counters for 8 agent(s)
2026-03-21 14:26:19,747 - __main__ - INFO - Reset counters for 8 agent(s)
2026-03-21 15:27:19,807 - __main__ - INFO - Reset counters for 8 agent(s)
2026-03-21 16:28:19,866 - __main__ - INFO - Reset counters for 8 agent(s)
2026-03-21 17:29:19,929 - __main__ - INFO - Reset counters for 8 agent(s)
2026-03-21 18:30:19,993 - __main__ - INFO - Reset counters for 8 agent(s)
2026-03-21 19:30:20,059 - __main__ - INFO - Reset counters for 8 agent(s)
