[Fri Mar 13 02:30:19 PM UTC 2026] Grok starting with nc on port 8888
[2026-03-13T14:33:53.830872] "GET /health HTTP/1.1" 200 -
[2026-03-13T14:34:11.393293] "GET /health HTTP/1.1" 200 -
[2026-03-13T14:34:11.441464] "GET /status HTTP/1.1" 200 -
[2026-03-13T14:34:11.480963] "POST /infer HTTP/1.1" 200 -
[2026-03-13T14:34:11.529127] "POST /infer HTTP/1.1" 200 -
[2026-03-13T14:34:11.566563] "POST /infer HTTP/1.1" 200 -
[2026-03-13T14:34:11.602578] "GET /metrics HTTP/1.1" 200 -
[2026-03-13T14:34:11.610579] "GET / HTTP/1.1" 200 -
[2026-03-13T14:45:48.138380] "GET /health HTTP/1.1" 200 -
[2026-03-13T14:45:48.174248] "GET /metrics HTTP/1.1" 200 -
[2026-03-13T14:46:36.784100] "GET /health HTTP/1.1" 200 -
[2026-03-13T14:53:08.025626] "GET /health HTTP/1.1" 200 -
[2026-03-13T14:57:50.196946] "GET /health HTTP/1.1" 200 -
[2026-03-13T14:57:50.223083] "GET /health HTTP/1.1" 200 -
[2026-03-13T14:58:22.390635] "GET /health HTTP/1.1" 200 -
[2026-03-13T15:00:37.130121] "GET /health HTTP/1.1" 200 -
[2026-03-13T15:00:37.130660] "GET /health HTTP/1.1" 200 -
[2026-03-13T15:00:37.386326] "GET /favicon.ico HTTP/1.1" 404 -
[2026-03-13T15:00:42.339070] "GET /apple-touch-icon-precomposed.png HTTP/1.1" 404 -
[2026-03-13T15:00:42.546191] "GET /apple-touch-icon.png HTTP/1.1" 404 -
[2026-03-13T15:00:42.546735] "GET /favicon.ico HTTP/1.1" 404 -
[2026-03-13T15:01:15.753417] "GET /health HTTP/1.1" 200 -
[2026-03-13T15:01:16.009460] "GET /apple-touch-icon-120x120-precomposed.png HTTP/1.1" 404 -
[2026-03-13T15:01:16.295105] "GET /apple-touch-icon-120x120.png HTTP/1.1" 404 -
[2026-03-13T15:01:16.580104] "GET /apple-touch-icon-precomposed.png HTTP/1.1" 404 -
[2026-03-13T15:01:16.855840] "GET /apple-touch-icon.png HTTP/1.1" 404 -
[2026-03-13T15:01:17.122040] "GET /favicon.ico HTTP/1.1" 404 -
[2026-03-13T15:01:17.397607] "GET /apple-touch-icon-120x120-precomposed.png HTTP/1.1" 404 -
[2026-03-13T15:01:17.682877] "GET /apple-touch-icon-120x120.png HTTP/1.1" 404 -
[2026-03-13T15:01:17.949086] "GET /apple-touch-icon-precomposed.png HTTP/1.1" 404 -
[2026-03-13T15:01:18.224490] "GET /apple-touch-icon.png HTTP/1.1" 404 -
[2026-03-13T15:01:18.500108] "GET /favicon.ico HTTP/1.1" 404 -
[2026-03-13T15:06:40.041565+00:00] "GET /health HTTP/1.1" 200 -
[2026-03-13T15:07:05.171236+00:00] "GET /health HTTP/1.1" 200 -
[2026-03-13T15:07:05.212346+00:00] "GET /status HTTP/1.1" 200 -
[2026-03-13T15:07:05.256378+00:00] "POST /infer HTTP/1.1" 200 -
[2026-03-13T15:07:05.294430+00:00] "GET /metrics HTTP/1.1" 200 -
[2026-03-13T15:09:07.033781+00:00] "GET /health HTTP/1.1" 200 -
[2026-03-13T15:09:14.143105+00:00] "GET /health HTTP/1.1" 200 -
[2026-03-13T15:09:15.588272+00:00] "GET /health HTTP/1.1" 200 -
