[Fri Mar 13 02:30:19 PM UTC 2026] Grok starting with nc on port 8888
GET /health HTTP/1.1
Host: 127.0.0.1:8888
User-Agent: curl/8.5.0
Accept: */*

GET / HTTP/1.1
Host: 127.0.0.1:8888
User-Agent: curl/8.5.0
Accept: */*

GET /health HTTP/1.1
Host: localhost:8888
User-Agent: curl/8.5.0
Accept: */*

POST /infer HTTP/1.1
Host: localhost:8888
User-Agent: curl/8.5.0
Accept: */*
Content-Type: application/json
Content-Length: 32

{"prompt": "tell me about bash"}GET /health HTTP/1.1
Host: localhost:8888
User-Agent: curl/8.5.0
Accept: */*

POST /infer HTTP/1.1
Host: localhost:8888
User-Agent: curl/8.5.0
Accept: */*
Content-Type: application/json
Content-Length: 32

{"prompt": "tell me about bash"}GET /metrics HTTP/1.1
Host: localhost:8888
User-Agent: curl/8.5.0
Accept: */*

-e GET /health HTTP/1.1
Host: localhost
Connection: close


